<?xml version="1.0" encoding="UTF-8"?>
<testng-results ignored="0" total="1" passed="1" failed="0" skipped="0">
  <reporter-output>
  </reporter-output>
  <suite started-at="2025-02-25T18:58:14 IST" name="Default suite" finished-at="2025-02-25T18:58:20 IST" duration-ms="5375">
    <groups>
    </groups>
    <test started-at="2025-02-25T18:58:14 IST" name="Default test" finished-at="2025-02-25T18:58:20 IST" duration-ms="5375">
      <class name="main.ControllTest">
        <test-method is-config="true" signature="setUp()[pri:0, instance:main.ControllTest@2ea227af]" started-at="2025-02-25T18:58:14 IST" name="setUp" finished-at="2025-02-25T18:58:16 IST" duration-ms="1907" status="PASS">
          <reporter-output>
          </reporter-output>
        </test-method> <!-- setUp -->
        <test-method signature="assignment()[pri:0, instance:main.ControllTest@2ea227af]" started-at="2025-02-25T18:58:16 IST" name="assignment" finished-at="2025-02-25T18:58:20 IST" duration-ms="3457" status="PASS">
          <reporter-output>
          </reporter-output>
        </test-method> <!-- assignment -->
      </class> <!-- main.ControllTest -->
    </test> <!-- Default test -->
  </suite> <!-- Default suite -->
</testng-results>
